<?xml version="1.0" encoding="UTF-8"?>
<testsuite name="com.example.project.TestBook" tests="3" skipped="0" failures="0" errors="0" timestamp="2025-01-26T18:16:18" hostname="codespaces-5aec96" time="0.197">
  <properties/>
  <testcase name="testBookInfo()" classname="com.example.project.TestBook" time="0.114"/>
  <testcase name="testBookConstructor()" classname="com.example.project.TestBook" time="0.031"/>
  <testcase name="testSetters()" classname="com.example.project.TestBook" time="0.008"/>
  <system-out><![CDATA[]]></system-out>
  <system-err><![CDATA[]]></system-err>
</testsuite>
